

================================================================
== Vivado HLS Report for 'dense_large'
================================================================
* Date:           Tue Dec 15 20:11:17 2020

* Version:        2020.1.1 (Build 2951007 on Wed Aug 05 23:24:06 MDT 2020)
* Project:        myproject_prj
* Solution:       solution1
* Product family: virtexuplus
* Target device:  xcu250-figd2104-2L-e


================================================================
== Performance Estimates
================================================================
+ Timing: 
    * Summary: 
    +--------+---------+----------+------------+
    |  Clock |  Target | Estimated| Uncertainty|
    +--------+---------+----------+------------+
    |ap_clk  | 5.00 ns | 3.504 ns |   0.62 ns  |
    +--------+---------+----------+------------+

+ Latency: 
    * Summary: 
    +---------+---------+-----------+-----------+------+------+---------------------------------------------+
    |  Latency (cycles) |   Latency (absolute)  |   Interval  |                   Pipeline                  |
    |   min   |   max   |    min    |    max    |  min |  max |                     Type                    |
    +---------+---------+-----------+-----------+------+------+---------------------------------------------+
    |     7841|     7842| 39.205 us | 39.210 us |  7840|  7840| loop rewind(delay=0 initiation interval(s)) |
    +---------+---------+-----------+-----------+------+------+---------------------------------------------+

    + Detail: 
        * Instance: 
        +-------------------------+---------+---------+---------+----------+----------+-----+-----+----------+
        |                         |         |  Latency (cycles) |  Latency (absolute) |  Interval | Pipeline |
        |         Instance        |  Module |   min   |   max   |    min   |    max   | min | max |   Type   |
        +-------------------------+---------+---------+---------+----------+----------+-----+-----+----------+
        |p_0_i_product_fu_5253    |product  |        0|        0|   0 ns   |   0 ns   |    1|    1| function |
        |p_0_1_i_product_fu_5259  |product  |        0|        0|   0 ns   |   0 ns   |    1|    1| function |
        |p_0_2_i_product_fu_5265  |product  |        0|        0|   0 ns   |   0 ns   |    1|    1| function |
        |p_0_3_i_product_fu_5271  |product  |        0|        0|   0 ns   |   0 ns   |    1|    1| function |
        |p_0_4_i_product_fu_5277  |product  |        0|        0|   0 ns   |   0 ns   |    1|    1| function |
        |p_0_5_i_product_fu_5283  |product  |        0|        0|   0 ns   |   0 ns   |    1|    1| function |
        |p_0_6_i_product_fu_5289  |product  |        0|        0|   0 ns   |   0 ns   |    1|    1| function |
        |p_0_7_i_product_fu_5295  |product  |        0|        0|   0 ns   |   0 ns   |    1|    1| function |
        |p_0_8_i_product_fu_5301  |product  |        0|        0|   0 ns   |   0 ns   |    1|    1| function |
        |p_0_9_i_product_fu_5307  |product  |        0|        0|   0 ns   |   0 ns   |    1|    1| function |
        +-------------------------+---------+---------+---------+----------+----------+-----+-----+----------+

        * Loop: 
        +-------------+---------+---------+----------+-----------+-----------+------+----------+
        |             |  Latency (cycles) | Iteration|  Initiation Interval  | Trip |          |
        |  Loop Name  |   min   |   max   |  Latency |  achieved |   target  | Count| Pipelined|
        +-------------+---------+---------+----------+-----------+-----------+------+----------+
        |- ReuseLoop  |     7841|     7841|         3|          1|          1|  7840|    yes   |
        +-------------+---------+---------+----------+-----------+-----------+------+----------+



================================================================
== Utilization Estimates
================================================================
* Summary: 
+---------------------+---------+-------+---------+---------+------+
|         Name        | BRAM_18K| DSP48E|    FF   |   LUT   | URAM |
+---------------------+---------+-------+---------+---------+------+
|DSP                  |        -|      -|        -|        -|     -|
|Expression           |        -|      -|        0|     2517|     -|
|FIFO                 |        -|      -|        -|        -|     -|
|Instance             |        -|      0|        0|      880|     -|
|Memory               |       29|      -|        0|        0|     -|
|Multiplexer          |        -|      -|        -|     3453|     -|
|Register             |        -|      -|    11975|        -|     -|
+---------------------+---------+-------+---------+---------+------+
|Total                |       29|      0|    11975|     6850|     0|
+---------------------+---------+-------+---------+---------+------+
|Available SLR        |     1344|   3072|   864000|   432000|   320|
+---------------------+---------+-------+---------+---------+------+
|Utilization SLR (%)  |        2|      0|        1|        1|     0|
+---------------------+---------+-------+---------+---------+------+
|Available            |     5376|  12288|  3456000|  1728000|  1280|
+---------------------+---------+-------+---------+---------+------+
|Utilization (%)      |    ~0   |      0|    ~0   |    ~0   |     0|
+---------------------+---------+-------+---------+---------+------+

+ Detail: 
    * Instance: 
    +--------------------------+----------------------+---------+-------+---+----+-----+
    |         Instance         |        Module        | BRAM_18K| DSP48E| FF| LUT| URAM|
    +--------------------------+----------------------+---------+-------+---+----+-----+
    |myproject_mux_128cud_U10  |myproject_mux_128cud  |        0|      0|  0|  65|    0|
    |myproject_mux_128cud_U11  |myproject_mux_128cud  |        0|      0|  0|  65|    0|
    |myproject_mux_128cud_U12  |myproject_mux_128cud  |        0|      0|  0|  65|    0|
    |myproject_mux_128cud_U13  |myproject_mux_128cud  |        0|      0|  0|  65|    0|
    |myproject_mux_128cud_U14  |myproject_mux_128cud  |        0|      0|  0|  65|    0|
    |myproject_mux_128cud_U15  |myproject_mux_128cud  |        0|      0|  0|  65|    0|
    |myproject_mux_128cud_U16  |myproject_mux_128cud  |        0|      0|  0|  65|    0|
    |myproject_mux_128cud_U17  |myproject_mux_128cud  |        0|      0|  0|  65|    0|
    |myproject_mux_128cud_U18  |myproject_mux_128cud  |        0|      0|  0|  65|    0|
    |myproject_mux_164bkb_U9   |myproject_mux_164bkb  |        0|      0|  0|  65|    0|
    |p_0_i_product_fu_5253     |product               |        0|      0|  0|  23|    0|
    |p_0_1_i_product_fu_5259   |product               |        0|      0|  0|  23|    0|
    |p_0_2_i_product_fu_5265   |product               |        0|      0|  0|  23|    0|
    |p_0_3_i_product_fu_5271   |product               |        0|      0|  0|  23|    0|
    |p_0_4_i_product_fu_5277   |product               |        0|      0|  0|  23|    0|
    |p_0_5_i_product_fu_5283   |product               |        0|      0|  0|  23|    0|
    |p_0_6_i_product_fu_5289   |product               |        0|      0|  0|  23|    0|
    |p_0_7_i_product_fu_5295   |product               |        0|      0|  0|  23|    0|
    |p_0_8_i_product_fu_5301   |product               |        0|      0|  0|  23|    0|
    |p_0_9_i_product_fu_5307   |product               |        0|      0|  0|  23|    0|
    +--------------------------+----------------------+---------+-------+---+----+-----+
    |Total                     |                      |        0|      0|  0| 880|    0|
    +--------------------------+----------------------+---------+-------+---+----+-----+

    * DSP48E: 
    N/A

    * Memory: 
    +-----------+---------------------+---------+---+----+-----+------+-----+------+-------------+
    |   Memory  |        Module       | BRAM_18K| FF| LUT| URAM| Words| Bits| Banks| W*Bits*Banks|
    +-----------+---------------------+---------+---+----+-----+------+-----+------+-------------+
    |outidx3_U  |dense_large_outidx3  |        2|  0|   0|    0|  7840|    4|     1|        31360|
    |w2_V_U     |dense_large_w2_V     |       27|  0|   0|    0|  7840|   59|     1|       462560|
    +-----------+---------------------+---------+---+----+-----+------+-----+------+-------------+
    |Total      |                     |       29|  0|   0|    0| 15680|   63|     2|       493920|
    +-----------+---------------------+---------+---+----+-----+------+-----+------+-------------+

    * FIFO: 
    N/A

    * Expression: 
    +----------------------------------+----------+-------+---+------+------------+------------+
    |           Variable Name          | Operation| DSP48E| FF|  LUT | Bitwidth P0| Bitwidth P1|
    +----------------------------------+----------+-------+---+------+------------+------------+
    |acc_0_V_fu_5537_p2                |     +    |      0|  0|    19|          12|          12|
    |acc_10_V_fu_5819_p2               |     +    |      0|  0|    19|          12|          12|
    |acc_20_V_fu_6101_p2               |     +    |      0|  0|    19|          12|          12|
    |acc_30_V_fu_6383_p2               |     +    |      0|  0|    19|          12|          12|
    |acc_40_V_fu_6665_p2               |     +    |      0|  0|    19|          12|          12|
    |acc_50_V_fu_6947_p2               |     +    |      0|  0|    19|          12|          12|
    |acc_60_V_fu_7229_p2               |     +    |      0|  0|    19|          12|          12|
    |acc_70_V_fu_7511_p2               |     +    |      0|  0|    19|          12|          12|
    |acc_80_V_fu_7793_p2               |     +    |      0|  0|    19|          12|          12|
    |acc_90_V_fu_8079_p2               |     +    |      0|  0|    19|          12|          12|
    |in_index_fu_5473_p2               |     +    |      0|  0|    39|          32|           1|
    |w_index_fu_5319_p2                |     +    |      0|  0|    20|          13|           1|
    |sub_ln160_fu_5359_p2              |     -    |      0|  0|    20|          13|          13|
    |ap_block_state3_pp0_stage0_iter1  |    and   |      0|  0|     2|           1|           1|
    |ap_condition_177                  |    and   |      0|  0|     2|           1|           1|
    |ap_condition_624                  |    and   |      0|  0|     2|           1|           1|
    |icmp_ln151_fu_5325_p2             |   icmp   |      0|  0|    13|          13|          10|
    |icmp_ln168_fu_5479_p2             |   icmp   |      0|  0|    20|          32|          10|
    |lshr_ln160_fu_5369_p2             |   lshr   |      0|  0|  2171|        4704|        4704|
    |ap_block_pp0_stage0_11001         |    or    |      0|  0|     2|           1|           1|
    |ap_block_state1                   |    or    |      0|  0|     2|           1|           1|
    |select_ln168_fu_5485_p3           |  select  |      0|  0|    32|           1|           1|
    |ap_enable_pp0                     |    xor   |      0|  0|     2|           1|           2|
    +----------------------------------+----------+-------+---+------+------------+------------+
    |Total                             |          |      0|  0|  2517|        4934|        4867|
    +----------------------------------+----------+-------+---+------+------------+------------+

    * Multiplexer: 
    +---------------------------------------------+----+-----------+------+-----------+
    |                     Name                    | LUT| Input Size| Bits | Total Bits|
    +---------------------------------------------+----+-----------+------+-----------+
    |ap_NS_fsm                                    |  15|          3|     1|          3|
    |ap_done                                      |   9|          2|     1|          2|
    |ap_enable_reg_pp0_iter1                      |   9|          2|     1|          2|
    |ap_enable_reg_pp0_iter2                      |   9|          2|     1|          2|
    |ap_phi_mux_acc_V_0_1_i_phi_fu_1981_p20       |  15|          3|    12|         36|
    |ap_phi_mux_acc_V_10_1_i_phi_fu_2341_p20      |  15|          3|    12|         36|
    |ap_phi_mux_acc_V_11_1_i_phi_fu_2305_p20      |  15|          3|    12|         36|
    |ap_phi_mux_acc_V_12_1_i_phi_fu_2269_p20      |  15|          3|    12|         36|
    |ap_phi_mux_acc_V_13_1_i_phi_fu_2233_p20      |  15|          3|    12|         36|
    |ap_phi_mux_acc_V_14_1_i_phi_fu_2197_p20      |  15|          3|    12|         36|
    |ap_phi_mux_acc_V_15_1_i_phi_fu_2161_p20      |  15|          3|    12|         36|
    |ap_phi_mux_acc_V_16_1_i_phi_fu_2125_p20      |  15|          3|    12|         36|
    |ap_phi_mux_acc_V_17_1_i_phi_fu_2089_p20      |  15|          3|    12|         36|
    |ap_phi_mux_acc_V_18_1_i_phi_fu_2053_p20      |  15|          3|    12|         36|
    |ap_phi_mux_acc_V_19_1_i_phi_fu_2017_p20      |  15|          3|    12|         36|
    |ap_phi_mux_acc_V_1_1_i_phi_fu_1945_p20       |  15|          3|    12|         36|
    |ap_phi_mux_acc_V_20_1_i_phi_fu_2701_p20      |  15|          3|    12|         36|
    |ap_phi_mux_acc_V_21_1_i_phi_fu_2665_p20      |  15|          3|    12|         36|
    |ap_phi_mux_acc_V_22_1_i_phi_fu_2629_p20      |  15|          3|    12|         36|
    |ap_phi_mux_acc_V_23_1_i_phi_fu_2593_p20      |  15|          3|    12|         36|
    |ap_phi_mux_acc_V_24_1_i_phi_fu_2557_p20      |  15|          3|    12|         36|
    |ap_phi_mux_acc_V_25_1_i_phi_fu_2521_p20      |  15|          3|    12|         36|
    |ap_phi_mux_acc_V_26_1_i_phi_fu_2485_p20      |  15|          3|    12|         36|
    |ap_phi_mux_acc_V_27_1_i_phi_fu_2449_p20      |  15|          3|    12|         36|
    |ap_phi_mux_acc_V_28_1_i_phi_fu_2413_p20      |  15|          3|    12|         36|
    |ap_phi_mux_acc_V_29_1_i_phi_fu_2377_p20      |  15|          3|    12|         36|
    |ap_phi_mux_acc_V_2_1_i_phi_fu_1909_p20       |  15|          3|    12|         36|
    |ap_phi_mux_acc_V_30_1_i_phi_fu_3061_p20      |  15|          3|    12|         36|
    |ap_phi_mux_acc_V_31_1_i_phi_fu_3025_p20      |  15|          3|    12|         36|
    |ap_phi_mux_acc_V_32_1_i_phi_fu_2989_p20      |  15|          3|    12|         36|
    |ap_phi_mux_acc_V_33_1_i_phi_fu_2953_p20      |  15|          3|    12|         36|
    |ap_phi_mux_acc_V_34_1_i_phi_fu_2917_p20      |  15|          3|    12|         36|
    |ap_phi_mux_acc_V_35_1_i_phi_fu_2881_p20      |  15|          3|    12|         36|
    |ap_phi_mux_acc_V_36_1_i_phi_fu_2845_p20      |  15|          3|    12|         36|
    |ap_phi_mux_acc_V_37_1_i_phi_fu_2809_p20      |  15|          3|    12|         36|
    |ap_phi_mux_acc_V_38_1_i_phi_fu_2773_p20      |  15|          3|    12|         36|
    |ap_phi_mux_acc_V_39_1_i_phi_fu_2737_p20      |  15|          3|    12|         36|
    |ap_phi_mux_acc_V_3_1_i_phi_fu_1873_p20       |  15|          3|    12|         36|
    |ap_phi_mux_acc_V_40_1_i_phi_fu_3421_p20      |  15|          3|    12|         36|
    |ap_phi_mux_acc_V_41_1_i_phi_fu_3385_p20      |  15|          3|    12|         36|
    |ap_phi_mux_acc_V_42_1_i_phi_fu_3349_p20      |  15|          3|    12|         36|
    |ap_phi_mux_acc_V_43_1_i_phi_fu_3313_p20      |  15|          3|    12|         36|
    |ap_phi_mux_acc_V_44_1_i_phi_fu_3277_p20      |  15|          3|    12|         36|
    |ap_phi_mux_acc_V_45_1_i_phi_fu_3241_p20      |  15|          3|    12|         36|
    |ap_phi_mux_acc_V_46_1_i_phi_fu_3205_p20      |  15|          3|    12|         36|
    |ap_phi_mux_acc_V_47_1_i_phi_fu_3169_p20      |  15|          3|    12|         36|
    |ap_phi_mux_acc_V_48_1_i_phi_fu_3133_p20      |  15|          3|    12|         36|
    |ap_phi_mux_acc_V_49_1_i_phi_fu_3097_p20      |  15|          3|    12|         36|
    |ap_phi_mux_acc_V_4_1_i_phi_fu_1837_p20       |  15|          3|    12|         36|
    |ap_phi_mux_acc_V_50_1_i_phi_fu_3781_p20      |  15|          3|    12|         36|
    |ap_phi_mux_acc_V_51_1_i_phi_fu_3745_p20      |  15|          3|    12|         36|
    |ap_phi_mux_acc_V_52_1_i_phi_fu_3709_p20      |  15|          3|    12|         36|
    |ap_phi_mux_acc_V_53_1_i_phi_fu_3673_p20      |  15|          3|    12|         36|
    |ap_phi_mux_acc_V_54_1_i_phi_fu_3637_p20      |  15|          3|    12|         36|
    |ap_phi_mux_acc_V_55_1_i_phi_fu_3601_p20      |  15|          3|    12|         36|
    |ap_phi_mux_acc_V_56_1_i_phi_fu_3565_p20      |  15|          3|    12|         36|
    |ap_phi_mux_acc_V_57_1_i_phi_fu_3529_p20      |  15|          3|    12|         36|
    |ap_phi_mux_acc_V_58_1_i_phi_fu_3493_p20      |  15|          3|    12|         36|
    |ap_phi_mux_acc_V_59_1_i_phi_fu_3457_p20      |  15|          3|    12|         36|
    |ap_phi_mux_acc_V_5_1_i_phi_fu_1801_p20       |  15|          3|    12|         36|
    |ap_phi_mux_acc_V_60_1_i_phi_fu_4141_p20      |  15|          3|    12|         36|
    |ap_phi_mux_acc_V_61_1_i_phi_fu_4105_p20      |  15|          3|    12|         36|
    |ap_phi_mux_acc_V_62_1_i_phi_fu_4069_p20      |  15|          3|    12|         36|
    |ap_phi_mux_acc_V_63_1_i_phi_fu_4033_p20      |  15|          3|    12|         36|
    |ap_phi_mux_acc_V_64_1_i_phi_fu_3997_p20      |  15|          3|    12|         36|
    |ap_phi_mux_acc_V_65_1_i_phi_fu_3961_p20      |  15|          3|    12|         36|
    |ap_phi_mux_acc_V_66_1_i_phi_fu_3925_p20      |  15|          3|    12|         36|
    |ap_phi_mux_acc_V_67_1_i_phi_fu_3889_p20      |  15|          3|    12|         36|
    |ap_phi_mux_acc_V_68_1_i_phi_fu_3853_p20      |  15|          3|    12|         36|
    |ap_phi_mux_acc_V_69_1_i_phi_fu_3817_p20      |  15|          3|    12|         36|
    |ap_phi_mux_acc_V_6_1_i_phi_fu_1765_p20       |  15|          3|    12|         36|
    |ap_phi_mux_acc_V_70_1_i_phi_fu_4501_p20      |  15|          3|    12|         36|
    |ap_phi_mux_acc_V_71_1_i_phi_fu_4465_p20      |  15|          3|    12|         36|
    |ap_phi_mux_acc_V_72_1_i_phi_fu_4429_p20      |  15|          3|    12|         36|
    |ap_phi_mux_acc_V_73_1_i_phi_fu_4393_p20      |  15|          3|    12|         36|
    |ap_phi_mux_acc_V_74_1_i_phi_fu_4357_p20      |  15|          3|    12|         36|
    |ap_phi_mux_acc_V_75_1_i_phi_fu_4321_p20      |  15|          3|    12|         36|
    |ap_phi_mux_acc_V_76_1_i_phi_fu_4285_p20      |  15|          3|    12|         36|
    |ap_phi_mux_acc_V_77_1_i_phi_fu_4249_p20      |  15|          3|    12|         36|
    |ap_phi_mux_acc_V_78_1_i_phi_fu_4213_p20      |  15|          3|    12|         36|
    |ap_phi_mux_acc_V_79_1_i_phi_fu_4177_p20      |  15|          3|    12|         36|
    |ap_phi_mux_acc_V_7_1_i_phi_fu_1729_p20       |  15|          3|    12|         36|
    |ap_phi_mux_acc_V_80_1_i_phi_fu_4861_p20      |  15|          3|    12|         36|
    |ap_phi_mux_acc_V_81_1_i_phi_fu_4825_p20      |  15|          3|    12|         36|
    |ap_phi_mux_acc_V_82_1_i_phi_fu_4789_p20      |  15|          3|    12|         36|
    |ap_phi_mux_acc_V_83_1_i_phi_fu_4753_p20      |  15|          3|    12|         36|
    |ap_phi_mux_acc_V_84_1_i_phi_fu_4717_p20      |  15|          3|    12|         36|
    |ap_phi_mux_acc_V_85_1_i_phi_fu_4681_p20      |  15|          3|    12|         36|
    |ap_phi_mux_acc_V_86_1_i_phi_fu_4645_p20      |  15|          3|    12|         36|
    |ap_phi_mux_acc_V_87_1_i_phi_fu_4609_p20      |  15|          3|    12|         36|
    |ap_phi_mux_acc_V_88_1_i_phi_fu_4573_p20      |  15|          3|    12|         36|
    |ap_phi_mux_acc_V_89_1_i_phi_fu_4537_p20      |  15|          3|    12|         36|
    |ap_phi_mux_acc_V_8_1_i_phi_fu_1693_p20       |  15|          3|    12|         36|
    |ap_phi_mux_acc_V_90_1_i_phi_fu_5221_p20      |  15|          3|    12|         36|
    |ap_phi_mux_acc_V_91_1_i_phi_fu_5185_p20      |  15|          3|    12|         36|
    |ap_phi_mux_acc_V_92_1_i_phi_fu_5149_p20      |  15|          3|    12|         36|
    |ap_phi_mux_acc_V_93_1_i_phi_fu_5113_p20      |  15|          3|    12|         36|
    |ap_phi_mux_acc_V_94_1_i_phi_fu_5077_p20      |  15|          3|    12|         36|
    |ap_phi_mux_acc_V_95_1_i_phi_fu_5041_p20      |  15|          3|    12|         36|
    |ap_phi_mux_acc_V_96_1_i_phi_fu_5005_p20      |  15|          3|    12|         36|
    |ap_phi_mux_acc_V_97_1_i_phi_fu_4969_p20      |  15|          3|    12|         36|
    |ap_phi_mux_acc_V_98_1_i_phi_fu_4933_p20      |  15|          3|    12|         36|
    |ap_phi_mux_acc_V_99_1_i_phi_fu_4897_p20      |  15|          3|    12|         36|
    |ap_phi_mux_acc_V_9_1_i_phi_fu_1657_p20       |  15|          3|    12|         36|
    |ap_phi_mux_data_V_load_phi_phi_fu_244_p4     |  15|          3|  4704|      14112|
    |ap_phi_mux_data_V_load_rewind_phi_fu_216_p6  |   9|          2|  4704|       9408|
    |ap_phi_mux_do_init_phi_fu_186_p6             |  15|          3|     1|          3|
    |ap_phi_mux_in_index_0_i_i210_phi_fu_230_p6   |  15|          3|    32|         96|
    |ap_phi_mux_w_index209_phi_fu_202_p6          |  15|          3|    13|         39|
    |ap_return_0                                  |   9|          2|    12|         24|
    |ap_return_1                                  |   9|          2|    12|         24|
    |ap_return_10                                 |   9|          2|    12|         24|
    |ap_return_11                                 |   9|          2|    12|         24|
    |ap_return_12                                 |   9|          2|    12|         24|
    |ap_return_13                                 |   9|          2|    12|         24|
    |ap_return_14                                 |   9|          2|    12|         24|
    |ap_return_15                                 |   9|          2|    12|         24|
    |ap_return_16                                 |   9|          2|    12|         24|
    |ap_return_17                                 |   9|          2|    12|         24|
    |ap_return_18                                 |   9|          2|    12|         24|
    |ap_return_19                                 |   9|          2|    12|         24|
    |ap_return_2                                  |   9|          2|    12|         24|
    |ap_return_20                                 |   9|          2|    12|         24|
    |ap_return_21                                 |   9|          2|    12|         24|
    |ap_return_22                                 |   9|          2|    12|         24|
    |ap_return_23                                 |   9|          2|    12|         24|
    |ap_return_24                                 |   9|          2|    12|         24|
    |ap_return_25                                 |   9|          2|    12|         24|
    |ap_return_26                                 |   9|          2|    12|         24|
    |ap_return_27                                 |   9|          2|    12|         24|
    |ap_return_28                                 |   9|          2|    12|         24|
    |ap_return_29                                 |   9|          2|    12|         24|
    |ap_return_3                                  |   9|          2|    12|         24|
    |ap_return_30                                 |   9|          2|    12|         24|
    |ap_return_31                                 |   9|          2|    12|         24|
    |ap_return_32                                 |   9|          2|    12|         24|
    |ap_return_33                                 |   9|          2|    12|         24|
    |ap_return_34                                 |   9|          2|    12|         24|
    |ap_return_35                                 |   9|          2|    12|         24|
    |ap_return_36                                 |   9|          2|    12|         24|
    |ap_return_37                                 |   9|          2|    12|         24|
    |ap_return_38                                 |   9|          2|    12|         24|
    |ap_return_39                                 |   9|          2|    12|         24|
    |ap_return_4                                  |   9|          2|    12|         24|
    |ap_return_40                                 |   9|          2|    12|         24|
    |ap_return_41                                 |   9|          2|    12|         24|
    |ap_return_42                                 |   9|          2|    12|         24|
    |ap_return_43                                 |   9|          2|    12|         24|
    |ap_return_44                                 |   9|          2|    12|         24|
    |ap_return_45                                 |   9|          2|    12|         24|
    |ap_return_46                                 |   9|          2|    12|         24|
    |ap_return_47                                 |   9|          2|    12|         24|
    |ap_return_48                                 |   9|          2|    12|         24|
    |ap_return_49                                 |   9|          2|    12|         24|
    |ap_return_5                                  |   9|          2|    12|         24|
    |ap_return_50                                 |   9|          2|    12|         24|
    |ap_return_51                                 |   9|          2|    12|         24|
    |ap_return_52                                 |   9|          2|    12|         24|
    |ap_return_53                                 |   9|          2|    12|         24|
    |ap_return_54                                 |   9|          2|    12|         24|
    |ap_return_55                                 |   9|          2|    12|         24|
    |ap_return_56                                 |   9|          2|    12|         24|
    |ap_return_57                                 |   9|          2|    12|         24|
    |ap_return_58                                 |   9|          2|    12|         24|
    |ap_return_59                                 |   9|          2|    12|         24|
    |ap_return_6                                  |   9|          2|    12|         24|
    |ap_return_60                                 |   9|          2|    12|         24|
    |ap_return_61                                 |   9|          2|    12|         24|
    |ap_return_62                                 |   9|          2|    12|         24|
    |ap_return_63                                 |   9|          2|    12|         24|
    |ap_return_64                                 |   9|          2|    12|         24|
    |ap_return_65                                 |   9|          2|    12|         24|
    |ap_return_66                                 |   9|          2|    12|         24|
    |ap_return_67                                 |   9|          2|    12|         24|
    |ap_return_68                                 |   9|          2|    12|         24|
    |ap_return_69                                 |   9|          2|    12|         24|
    |ap_return_7                                  |   9|          2|    12|         24|
    |ap_return_70                                 |   9|          2|    12|         24|
    |ap_return_71                                 |   9|          2|    12|         24|
    |ap_return_72                                 |   9|          2|    12|         24|
    |ap_return_73                                 |   9|          2|    12|         24|
    |ap_return_74                                 |   9|          2|    12|         24|
    |ap_return_75                                 |   9|          2|    12|         24|
    |ap_return_76                                 |   9|          2|    12|         24|
    |ap_return_77                                 |   9|          2|    12|         24|
    |ap_return_78                                 |   9|          2|    12|         24|
    |ap_return_79                                 |   9|          2|    12|         24|
    |ap_return_8                                  |   9|          2|    12|         24|
    |ap_return_80                                 |   9|          2|    12|         24|
    |ap_return_81                                 |   9|          2|    12|         24|
    |ap_return_82                                 |   9|          2|    12|         24|
    |ap_return_83                                 |   9|          2|    12|         24|
    |ap_return_84                                 |   9|          2|    12|         24|
    |ap_return_85                                 |   9|          2|    12|         24|
    |ap_return_86                                 |   9|          2|    12|         24|
    |ap_return_87                                 |   9|          2|    12|         24|
    |ap_return_88                                 |   9|          2|    12|         24|
    |ap_return_89                                 |   9|          2|    12|         24|
    |ap_return_9                                  |   9|          2|    12|         24|
    |ap_return_90                                 |   9|          2|    12|         24|
    |ap_return_91                                 |   9|          2|    12|         24|
    |ap_return_92                                 |   9|          2|    12|         24|
    |ap_return_93                                 |   9|          2|    12|         24|
    |ap_return_94                                 |   9|          2|    12|         24|
    |ap_return_95                                 |   9|          2|    12|         24|
    |ap_return_96                                 |   9|          2|    12|         24|
    |ap_return_97                                 |   9|          2|    12|         24|
    |ap_return_98                                 |   9|          2|    12|         24|
    |ap_return_99                                 |   9|          2|    12|         24|
    |data_V_blk_n                                 |   9|          2|     1|          2|
    |data_V_load_phi_reg_240                      |  15|          3|  4704|      14112|
    |in_index_0_i_i210_reg_226                    |   9|          2|    32|         64|
    |res_0_V_write_assig_reg_253                  |   9|          2|    12|         24|
    |res_10_V_write_assi_reg_393                  |   9|          2|    12|         24|
    |res_11_V_write_assi_reg_407                  |   9|          2|    12|         24|
    |res_12_V_write_assi_reg_421                  |   9|          2|    12|         24|
    |res_13_V_write_assi_reg_435                  |   9|          2|    12|         24|
    |res_14_V_write_assi_reg_449                  |   9|          2|    12|         24|
    |res_15_V_write_assi_reg_463                  |   9|          2|    12|         24|
    |res_16_V_write_assi_reg_477                  |   9|          2|    12|         24|
    |res_17_V_write_assi_reg_491                  |   9|          2|    12|         24|
    |res_18_V_write_assi_reg_505                  |   9|          2|    12|         24|
    |res_19_V_write_assi_reg_519                  |   9|          2|    12|         24|
    |res_1_V_write_assig_reg_267                  |   9|          2|    12|         24|
    |res_20_V_write_assi_reg_533                  |   9|          2|    12|         24|
    |res_21_V_write_assi_reg_547                  |   9|          2|    12|         24|
    |res_22_V_write_assi_reg_561                  |   9|          2|    12|         24|
    |res_23_V_write_assi_reg_575                  |   9|          2|    12|         24|
    |res_24_V_write_assi_reg_589                  |   9|          2|    12|         24|
    |res_25_V_write_assi_reg_603                  |   9|          2|    12|         24|
    |res_26_V_write_assi_reg_617                  |   9|          2|    12|         24|
    |res_27_V_write_assi_reg_631                  |   9|          2|    12|         24|
    |res_28_V_write_assi_reg_645                  |   9|          2|    12|         24|
    |res_29_V_write_assi_reg_659                  |   9|          2|    12|         24|
    |res_2_V_write_assig_reg_281                  |   9|          2|    12|         24|
    |res_30_V_write_assi_reg_673                  |   9|          2|    12|         24|
    |res_31_V_write_assi_reg_687                  |   9|          2|    12|         24|
    |res_32_V_write_assi_reg_701                  |   9|          2|    12|         24|
    |res_33_V_write_assi_reg_715                  |   9|          2|    12|         24|
    |res_34_V_write_assi_reg_729                  |   9|          2|    12|         24|
    |res_35_V_write_assi_reg_743                  |   9|          2|    12|         24|
    |res_36_V_write_assi_reg_757                  |   9|          2|    12|         24|
    |res_37_V_write_assi_reg_771                  |   9|          2|    12|         24|
    |res_38_V_write_assi_reg_785                  |   9|          2|    12|         24|
    |res_39_V_write_assi_reg_799                  |   9|          2|    12|         24|
    |res_3_V_write_assig_reg_295                  |   9|          2|    12|         24|
    |res_40_V_write_assi_reg_813                  |   9|          2|    12|         24|
    |res_41_V_write_assi_reg_827                  |   9|          2|    12|         24|
    |res_42_V_write_assi_reg_841                  |   9|          2|    12|         24|
    |res_43_V_write_assi_reg_855                  |   9|          2|    12|         24|
    |res_44_V_write_assi_reg_869                  |   9|          2|    12|         24|
    |res_45_V_write_assi_reg_883                  |   9|          2|    12|         24|
    |res_46_V_write_assi_reg_897                  |   9|          2|    12|         24|
    |res_47_V_write_assi_reg_911                  |   9|          2|    12|         24|
    |res_48_V_write_assi_reg_925                  |   9|          2|    12|         24|
    |res_49_V_write_assi_reg_939                  |   9|          2|    12|         24|
    |res_4_V_write_assig_reg_309                  |   9|          2|    12|         24|
    |res_50_V_write_assi_reg_953                  |   9|          2|    12|         24|
    |res_51_V_write_assi_reg_967                  |   9|          2|    12|         24|
    |res_52_V_write_assi_reg_981                  |   9|          2|    12|         24|
    |res_53_V_write_assi_reg_995                  |   9|          2|    12|         24|
    |res_54_V_write_assi_reg_1009                 |   9|          2|    12|         24|
    |res_55_V_write_assi_reg_1023                 |   9|          2|    12|         24|
    |res_56_V_write_assi_reg_1037                 |   9|          2|    12|         24|
    |res_57_V_write_assi_reg_1051                 |   9|          2|    12|         24|
    |res_58_V_write_assi_reg_1065                 |   9|          2|    12|         24|
    |res_59_V_write_assi_reg_1079                 |   9|          2|    12|         24|
    |res_5_V_write_assig_reg_323                  |   9|          2|    12|         24|
    |res_60_V_write_assi_reg_1093                 |   9|          2|    12|         24|
    |res_61_V_write_assi_reg_1107                 |   9|          2|    12|         24|
    |res_62_V_write_assi_reg_1121                 |   9|          2|    12|         24|
    |res_63_V_write_assi_reg_1135                 |   9|          2|    12|         24|
    |res_64_V_write_assi_reg_1149                 |   9|          2|    12|         24|
    |res_65_V_write_assi_reg_1163                 |   9|          2|    12|         24|
    |res_66_V_write_assi_reg_1177                 |   9|          2|    12|         24|
    |res_67_V_write_assi_reg_1191                 |   9|          2|    12|         24|
    |res_68_V_write_assi_reg_1205                 |   9|          2|    12|         24|
    |res_69_V_write_assi_reg_1219                 |   9|          2|    12|         24|
    |res_6_V_write_assig_reg_337                  |   9|          2|    12|         24|
    |res_70_V_write_assi_reg_1233                 |   9|          2|    12|         24|
    |res_71_V_write_assi_reg_1247                 |   9|          2|    12|         24|
    |res_72_V_write_assi_reg_1261                 |   9|          2|    12|         24|
    |res_73_V_write_assi_reg_1275                 |   9|          2|    12|         24|
    |res_74_V_write_assi_reg_1289                 |   9|          2|    12|         24|
    |res_75_V_write_assi_reg_1303                 |   9|          2|    12|         24|
    |res_76_V_write_assi_reg_1317                 |   9|          2|    12|         24|
    |res_77_V_write_assi_reg_1331                 |   9|          2|    12|         24|
    |res_78_V_write_assi_reg_1345                 |   9|          2|    12|         24|
    |res_79_V_write_assi_reg_1359                 |   9|          2|    12|         24|
    |res_7_V_write_assig_reg_351                  |   9|          2|    12|         24|
    |res_80_V_write_assi_reg_1373                 |   9|          2|    12|         24|
    |res_81_V_write_assi_reg_1387                 |   9|          2|    12|         24|
    |res_82_V_write_assi_reg_1401                 |   9|          2|    12|         24|
    |res_83_V_write_assi_reg_1415                 |   9|          2|    12|         24|
    |res_84_V_write_assi_reg_1429                 |   9|          2|    12|         24|
    |res_85_V_write_assi_reg_1443                 |   9|          2|    12|         24|
    |res_86_V_write_assi_reg_1457                 |   9|          2|    12|         24|
    |res_87_V_write_assi_reg_1471                 |   9|          2|    12|         24|
    |res_88_V_write_assi_reg_1485                 |   9|          2|    12|         24|
    |res_89_V_write_assi_reg_1499                 |   9|          2|    12|         24|
    |res_8_V_write_assig_reg_365                  |   9|          2|    12|         24|
    |res_90_V_write_assi_reg_1513                 |   9|          2|    12|         24|
    |res_91_V_write_assi_reg_1527                 |   9|          2|    12|         24|
    |res_92_V_write_assi_reg_1541                 |   9|          2|    12|         24|
    |res_93_V_write_assi_reg_1555                 |   9|          2|    12|         24|
    |res_94_V_write_assi_reg_1569                 |   9|          2|    12|         24|
    |res_95_V_write_assi_reg_1583                 |   9|          2|    12|         24|
    |res_96_V_write_assi_reg_1597                 |   9|          2|    12|         24|
    |res_97_V_write_assi_reg_1611                 |   9|          2|    12|         24|
    |res_98_V_write_assi_reg_1625                 |   9|          2|    12|         24|
    |res_99_V_write_assi_reg_1639                 |   9|          2|    12|         24|
    |res_9_V_write_assig_reg_379                  |   9|          2|    12|         24|
    |w_index209_reg_198                           |   9|          2|    13|         26|
    +---------------------------------------------+----+-----------+------+-----------+
    |Total                                        |3453|        732| 17808|      46271|
    +---------------------------------------------+----+-----------+------+-----------+

    * Register: 
    +-----------------------------------+------+----+------+-----------+
    |                Name               |  FF  | LUT| Bits | Const Bits|
    +-----------------------------------+------+----+------+-----------+
    |ap_CS_fsm                          |     2|   0|     2|          0|
    |ap_done_reg                        |     1|   0|     1|          0|
    |ap_enable_reg_pp0_iter1            |     1|   0|     1|          0|
    |ap_enable_reg_pp0_iter2            |     1|   0|     1|          0|
    |ap_return_0_preg                   |    12|   0|    12|          0|
    |ap_return_10_preg                  |    12|   0|    12|          0|
    |ap_return_11_preg                  |    12|   0|    12|          0|
    |ap_return_12_preg                  |    12|   0|    12|          0|
    |ap_return_13_preg                  |    12|   0|    12|          0|
    |ap_return_14_preg                  |    12|   0|    12|          0|
    |ap_return_15_preg                  |    12|   0|    12|          0|
    |ap_return_16_preg                  |    12|   0|    12|          0|
    |ap_return_17_preg                  |    12|   0|    12|          0|
    |ap_return_18_preg                  |    12|   0|    12|          0|
    |ap_return_19_preg                  |    12|   0|    12|          0|
    |ap_return_1_preg                   |    12|   0|    12|          0|
    |ap_return_20_preg                  |    12|   0|    12|          0|
    |ap_return_21_preg                  |    12|   0|    12|          0|
    |ap_return_22_preg                  |    12|   0|    12|          0|
    |ap_return_23_preg                  |    12|   0|    12|          0|
    |ap_return_24_preg                  |    12|   0|    12|          0|
    |ap_return_25_preg                  |    12|   0|    12|          0|
    |ap_return_26_preg                  |    12|   0|    12|          0|
    |ap_return_27_preg                  |    12|   0|    12|          0|
    |ap_return_28_preg                  |    12|   0|    12|          0|
    |ap_return_29_preg                  |    12|   0|    12|          0|
    |ap_return_2_preg                   |    12|   0|    12|          0|
    |ap_return_30_preg                  |    12|   0|    12|          0|
    |ap_return_31_preg                  |    12|   0|    12|          0|
    |ap_return_32_preg                  |    12|   0|    12|          0|
    |ap_return_33_preg                  |    12|   0|    12|          0|
    |ap_return_34_preg                  |    12|   0|    12|          0|
    |ap_return_35_preg                  |    12|   0|    12|          0|
    |ap_return_36_preg                  |    12|   0|    12|          0|
    |ap_return_37_preg                  |    12|   0|    12|          0|
    |ap_return_38_preg                  |    12|   0|    12|          0|
    |ap_return_39_preg                  |    12|   0|    12|          0|
    |ap_return_3_preg                   |    12|   0|    12|          0|
    |ap_return_40_preg                  |    12|   0|    12|          0|
    |ap_return_41_preg                  |    12|   0|    12|          0|
    |ap_return_42_preg                  |    12|   0|    12|          0|
    |ap_return_43_preg                  |    12|   0|    12|          0|
    |ap_return_44_preg                  |    12|   0|    12|          0|
    |ap_return_45_preg                  |    12|   0|    12|          0|
    |ap_return_46_preg                  |    12|   0|    12|          0|
    |ap_return_47_preg                  |    12|   0|    12|          0|
    |ap_return_48_preg                  |    12|   0|    12|          0|
    |ap_return_49_preg                  |    12|   0|    12|          0|
    |ap_return_4_preg                   |    12|   0|    12|          0|
    |ap_return_50_preg                  |    12|   0|    12|          0|
    |ap_return_51_preg                  |    12|   0|    12|          0|
    |ap_return_52_preg                  |    12|   0|    12|          0|
    |ap_return_53_preg                  |    12|   0|    12|          0|
    |ap_return_54_preg                  |    12|   0|    12|          0|
    |ap_return_55_preg                  |    12|   0|    12|          0|
    |ap_return_56_preg                  |    12|   0|    12|          0|
    |ap_return_57_preg                  |    12|   0|    12|          0|
    |ap_return_58_preg                  |    12|   0|    12|          0|
    |ap_return_59_preg                  |    12|   0|    12|          0|
    |ap_return_5_preg                   |    12|   0|    12|          0|
    |ap_return_60_preg                  |    12|   0|    12|          0|
    |ap_return_61_preg                  |    12|   0|    12|          0|
    |ap_return_62_preg                  |    12|   0|    12|          0|
    |ap_return_63_preg                  |    12|   0|    12|          0|
    |ap_return_64_preg                  |    12|   0|    12|          0|
    |ap_return_65_preg                  |    12|   0|    12|          0|
    |ap_return_66_preg                  |    12|   0|    12|          0|
    |ap_return_67_preg                  |    12|   0|    12|          0|
    |ap_return_68_preg                  |    12|   0|    12|          0|
    |ap_return_69_preg                  |    12|   0|    12|          0|
    |ap_return_6_preg                   |    12|   0|    12|          0|
    |ap_return_70_preg                  |    12|   0|    12|          0|
    |ap_return_71_preg                  |    12|   0|    12|          0|
    |ap_return_72_preg                  |    12|   0|    12|          0|
    |ap_return_73_preg                  |    12|   0|    12|          0|
    |ap_return_74_preg                  |    12|   0|    12|          0|
    |ap_return_75_preg                  |    12|   0|    12|          0|
    |ap_return_76_preg                  |    12|   0|    12|          0|
    |ap_return_77_preg                  |    12|   0|    12|          0|
    |ap_return_78_preg                  |    12|   0|    12|          0|
    |ap_return_79_preg                  |    12|   0|    12|          0|
    |ap_return_7_preg                   |    12|   0|    12|          0|
    |ap_return_80_preg                  |    12|   0|    12|          0|
    |ap_return_81_preg                  |    12|   0|    12|          0|
    |ap_return_82_preg                  |    12|   0|    12|          0|
    |ap_return_83_preg                  |    12|   0|    12|          0|
    |ap_return_84_preg                  |    12|   0|    12|          0|
    |ap_return_85_preg                  |    12|   0|    12|          0|
    |ap_return_86_preg                  |    12|   0|    12|          0|
    |ap_return_87_preg                  |    12|   0|    12|          0|
    |ap_return_88_preg                  |    12|   0|    12|          0|
    |ap_return_89_preg                  |    12|   0|    12|          0|
    |ap_return_8_preg                   |    12|   0|    12|          0|
    |ap_return_90_preg                  |    12|   0|    12|          0|
    |ap_return_91_preg                  |    12|   0|    12|          0|
    |ap_return_92_preg                  |    12|   0|    12|          0|
    |ap_return_93_preg                  |    12|   0|    12|          0|
    |ap_return_94_preg                  |    12|   0|    12|          0|
    |ap_return_95_preg                  |    12|   0|    12|          0|
    |ap_return_96_preg                  |    12|   0|    12|          0|
    |ap_return_97_preg                  |    12|   0|    12|          0|
    |ap_return_98_preg                  |    12|   0|    12|          0|
    |ap_return_99_preg                  |    12|   0|    12|          0|
    |ap_return_9_preg                   |    12|   0|    12|          0|
    |data_V_load_phi_reg_240            |  4704|   0|  4704|          0|
    |data_V_load_rewind_reg_212         |  4704|   0|  4704|          0|
    |do_init_reg_182                    |     1|   0|     1|          0|
    |icmp_ln151_reg_8714                |     1|   0|     1|          0|
    |icmp_ln151_reg_8714_pp0_iter1_reg  |     1|   0|     1|          0|
    |in_index_0_i_i210_reg_226          |    32|   0|    32|          0|
    |out_index_reg_8718                 |     4|   0|     4|          0|
    |res_0_V_write_assig_reg_253        |    12|   0|    12|          0|
    |res_10_V_write_assi_reg_393        |    12|   0|    12|          0|
    |res_11_V_write_assi_reg_407        |    12|   0|    12|          0|
    |res_12_V_write_assi_reg_421        |    12|   0|    12|          0|
    |res_13_V_write_assi_reg_435        |    12|   0|    12|          0|
    |res_14_V_write_assi_reg_449        |    12|   0|    12|          0|
    |res_15_V_write_assi_reg_463        |    12|   0|    12|          0|
    |res_16_V_write_assi_reg_477        |    12|   0|    12|          0|
    |res_17_V_write_assi_reg_491        |    12|   0|    12|          0|
    |res_18_V_write_assi_reg_505        |    12|   0|    12|          0|
    |res_19_V_write_assi_reg_519        |    12|   0|    12|          0|
    |res_1_V_write_assig_reg_267        |    12|   0|    12|          0|
    |res_20_V_write_assi_reg_533        |    12|   0|    12|          0|
    |res_21_V_write_assi_reg_547        |    12|   0|    12|          0|
    |res_22_V_write_assi_reg_561        |    12|   0|    12|          0|
    |res_23_V_write_assi_reg_575        |    12|   0|    12|          0|
    |res_24_V_write_assi_reg_589        |    12|   0|    12|          0|
    |res_25_V_write_assi_reg_603        |    12|   0|    12|          0|
    |res_26_V_write_assi_reg_617        |    12|   0|    12|          0|
    |res_27_V_write_assi_reg_631        |    12|   0|    12|          0|
    |res_28_V_write_assi_reg_645        |    12|   0|    12|          0|
    |res_29_V_write_assi_reg_659        |    12|   0|    12|          0|
    |res_2_V_write_assig_reg_281        |    12|   0|    12|          0|
    |res_30_V_write_assi_reg_673        |    12|   0|    12|          0|
    |res_31_V_write_assi_reg_687        |    12|   0|    12|          0|
    |res_32_V_write_assi_reg_701        |    12|   0|    12|          0|
    |res_33_V_write_assi_reg_715        |    12|   0|    12|          0|
    |res_34_V_write_assi_reg_729        |    12|   0|    12|          0|
    |res_35_V_write_assi_reg_743        |    12|   0|    12|          0|
    |res_36_V_write_assi_reg_757        |    12|   0|    12|          0|
    |res_37_V_write_assi_reg_771        |    12|   0|    12|          0|
    |res_38_V_write_assi_reg_785        |    12|   0|    12|          0|
    |res_39_V_write_assi_reg_799        |    12|   0|    12|          0|
    |res_3_V_write_assig_reg_295        |    12|   0|    12|          0|
    |res_40_V_write_assi_reg_813        |    12|   0|    12|          0|
    |res_41_V_write_assi_reg_827        |    12|   0|    12|          0|
    |res_42_V_write_assi_reg_841        |    12|   0|    12|          0|
    |res_43_V_write_assi_reg_855        |    12|   0|    12|          0|
    |res_44_V_write_assi_reg_869        |    12|   0|    12|          0|
    |res_45_V_write_assi_reg_883        |    12|   0|    12|          0|
    |res_46_V_write_assi_reg_897        |    12|   0|    12|          0|
    |res_47_V_write_assi_reg_911        |    12|   0|    12|          0|
    |res_48_V_write_assi_reg_925        |    12|   0|    12|          0|
    |res_49_V_write_assi_reg_939        |    12|   0|    12|          0|
    |res_4_V_write_assig_reg_309        |    12|   0|    12|          0|
    |res_50_V_write_assi_reg_953        |    12|   0|    12|          0|
    |res_51_V_write_assi_reg_967        |    12|   0|    12|          0|
    |res_52_V_write_assi_reg_981        |    12|   0|    12|          0|
    |res_53_V_write_assi_reg_995        |    12|   0|    12|          0|
    |res_54_V_write_assi_reg_1009       |    12|   0|    12|          0|
    |res_55_V_write_assi_reg_1023       |    12|   0|    12|          0|
    |res_56_V_write_assi_reg_1037       |    12|   0|    12|          0|
    |res_57_V_write_assi_reg_1051       |    12|   0|    12|          0|
    |res_58_V_write_assi_reg_1065       |    12|   0|    12|          0|
    |res_59_V_write_assi_reg_1079       |    12|   0|    12|          0|
    |res_5_V_write_assig_reg_323        |    12|   0|    12|          0|
    |res_60_V_write_assi_reg_1093       |    12|   0|    12|          0|
    |res_61_V_write_assi_reg_1107       |    12|   0|    12|          0|
    |res_62_V_write_assi_reg_1121       |    12|   0|    12|          0|
    |res_63_V_write_assi_reg_1135       |    12|   0|    12|          0|
    |res_64_V_write_assi_reg_1149       |    12|   0|    12|          0|
    |res_65_V_write_assi_reg_1163       |    12|   0|    12|          0|
    |res_66_V_write_assi_reg_1177       |    12|   0|    12|          0|
    |res_67_V_write_assi_reg_1191       |    12|   0|    12|          0|
    |res_68_V_write_assi_reg_1205       |    12|   0|    12|          0|
    |res_69_V_write_assi_reg_1219       |    12|   0|    12|          0|
    |res_6_V_write_assig_reg_337        |    12|   0|    12|          0|
    |res_70_V_write_assi_reg_1233       |    12|   0|    12|          0|
    |res_71_V_write_assi_reg_1247       |    12|   0|    12|          0|
    |res_72_V_write_assi_reg_1261       |    12|   0|    12|          0|
    |res_73_V_write_assi_reg_1275       |    12|   0|    12|          0|
    |res_74_V_write_assi_reg_1289       |    12|   0|    12|          0|
    |res_75_V_write_assi_reg_1303       |    12|   0|    12|          0|
    |res_76_V_write_assi_reg_1317       |    12|   0|    12|          0|
    |res_77_V_write_assi_reg_1331       |    12|   0|    12|          0|
    |res_78_V_write_assi_reg_1345       |    12|   0|    12|          0|
    |res_79_V_write_assi_reg_1359       |    12|   0|    12|          0|
    |res_7_V_write_assig_reg_351        |    12|   0|    12|          0|
    |res_80_V_write_assi_reg_1373       |    12|   0|    12|          0|
    |res_81_V_write_assi_reg_1387       |    12|   0|    12|          0|
    |res_82_V_write_assi_reg_1401       |    12|   0|    12|          0|
    |res_83_V_write_assi_reg_1415       |    12|   0|    12|          0|
    |res_84_V_write_assi_reg_1429       |    12|   0|    12|          0|
    |res_85_V_write_assi_reg_1443       |    12|   0|    12|          0|
    |res_86_V_write_assi_reg_1457       |    12|   0|    12|          0|
    |res_87_V_write_assi_reg_1471       |    12|   0|    12|          0|
    |res_88_V_write_assi_reg_1485       |    12|   0|    12|          0|
    |res_89_V_write_assi_reg_1499       |    12|   0|    12|          0|
    |res_8_V_write_assig_reg_365        |    12|   0|    12|          0|
    |res_90_V_write_assi_reg_1513       |    12|   0|    12|          0|
    |res_91_V_write_assi_reg_1527       |    12|   0|    12|          0|
    |res_92_V_write_assi_reg_1541       |    12|   0|    12|          0|
    |res_93_V_write_assi_reg_1555       |    12|   0|    12|          0|
    |res_94_V_write_assi_reg_1569       |    12|   0|    12|          0|
    |res_95_V_write_assi_reg_1583       |    12|   0|    12|          0|
    |res_96_V_write_assi_reg_1597       |    12|   0|    12|          0|
    |res_97_V_write_assi_reg_1611       |    12|   0|    12|          0|
    |res_98_V_write_assi_reg_1625       |    12|   0|    12|          0|
    |res_99_V_write_assi_reg_1639       |    12|   0|    12|          0|
    |res_9_V_write_assig_reg_379        |    12|   0|    12|          0|
    |select_ln168_reg_8788              |    32|   0|    32|          0|
    |tmp_10_i_reg_8778                  |     6|   0|     6|          0|
    |tmp_3_i_reg_8743                   |     6|   0|     6|          0|
    |tmp_4_i_reg_8748                   |     6|   0|     6|          0|
    |tmp_5_i_reg_8753                   |     6|   0|     6|          0|
    |tmp_6_i_reg_8758                   |     6|   0|     6|          0|
    |tmp_7_i_reg_8763                   |     6|   0|     6|          0|
    |tmp_8_i_reg_8768                   |     6|   0|     6|          0|
    |tmp_9_i_reg_8773                   |     6|   0|     6|          0|
    |tmp_reg_8783                       |     5|   0|     5|          0|
    |trunc_ln160_2_reg_8738             |     6|   0|     6|          0|
    |trunc_ln160_reg_8724               |     6|   0|     6|          0|
    |w_index209_reg_198                 |    13|   0|    13|          0|
    |w_index_reg_8709                   |    13|   0|    13|          0|
    +-----------------------------------+------+----+------+-----------+
    |Total                              | 11975|   0| 11975|          0|
    +-----------------------------------+------+----+------+-----------+



================================================================
== Interface
================================================================
* Summary: 
+----------------+-----+------+------------+--------------+--------------+
|    RTL Ports   | Dir | Bits |  Protocol  | Source Object|    C Type    |
+----------------+-----+------+------------+--------------+--------------+
|ap_clk          |  in |     1| ap_ctrl_hs |  dense_large | return value |
|ap_rst          |  in |     1| ap_ctrl_hs |  dense_large | return value |
|ap_start        |  in |     1| ap_ctrl_hs |  dense_large | return value |
|ap_done         | out |     1| ap_ctrl_hs |  dense_large | return value |
|ap_continue     |  in |     1| ap_ctrl_hs |  dense_large | return value |
|ap_idle         | out |     1| ap_ctrl_hs |  dense_large | return value |
|ap_ready        | out |     1| ap_ctrl_hs |  dense_large | return value |
|ap_return_0     | out |    12| ap_ctrl_hs |  dense_large | return value |
|ap_return_1     | out |    12| ap_ctrl_hs |  dense_large | return value |
|ap_return_2     | out |    12| ap_ctrl_hs |  dense_large | return value |
|ap_return_3     | out |    12| ap_ctrl_hs |  dense_large | return value |
|ap_return_4     | out |    12| ap_ctrl_hs |  dense_large | return value |
|ap_return_5     | out |    12| ap_ctrl_hs |  dense_large | return value |
|ap_return_6     | out |    12| ap_ctrl_hs |  dense_large | return value |
|ap_return_7     | out |    12| ap_ctrl_hs |  dense_large | return value |
|ap_return_8     | out |    12| ap_ctrl_hs |  dense_large | return value |
|ap_return_9     | out |    12| ap_ctrl_hs |  dense_large | return value |
|ap_return_10    | out |    12| ap_ctrl_hs |  dense_large | return value |
|ap_return_11    | out |    12| ap_ctrl_hs |  dense_large | return value |
|ap_return_12    | out |    12| ap_ctrl_hs |  dense_large | return value |
|ap_return_13    | out |    12| ap_ctrl_hs |  dense_large | return value |
|ap_return_14    | out |    12| ap_ctrl_hs |  dense_large | return value |
|ap_return_15    | out |    12| ap_ctrl_hs |  dense_large | return value |
|ap_return_16    | out |    12| ap_ctrl_hs |  dense_large | return value |
|ap_return_17    | out |    12| ap_ctrl_hs |  dense_large | return value |
|ap_return_18    | out |    12| ap_ctrl_hs |  dense_large | return value |
|ap_return_19    | out |    12| ap_ctrl_hs |  dense_large | return value |
|ap_return_20    | out |    12| ap_ctrl_hs |  dense_large | return value |
|ap_return_21    | out |    12| ap_ctrl_hs |  dense_large | return value |
|ap_return_22    | out |    12| ap_ctrl_hs |  dense_large | return value |
|ap_return_23    | out |    12| ap_ctrl_hs |  dense_large | return value |
|ap_return_24    | out |    12| ap_ctrl_hs |  dense_large | return value |
|ap_return_25    | out |    12| ap_ctrl_hs |  dense_large | return value |
|ap_return_26    | out |    12| ap_ctrl_hs |  dense_large | return value |
|ap_return_27    | out |    12| ap_ctrl_hs |  dense_large | return value |
|ap_return_28    | out |    12| ap_ctrl_hs |  dense_large | return value |
|ap_return_29    | out |    12| ap_ctrl_hs |  dense_large | return value |
|ap_return_30    | out |    12| ap_ctrl_hs |  dense_large | return value |
|ap_return_31    | out |    12| ap_ctrl_hs |  dense_large | return value |
|ap_return_32    | out |    12| ap_ctrl_hs |  dense_large | return value |
|ap_return_33    | out |    12| ap_ctrl_hs |  dense_large | return value |
|ap_return_34    | out |    12| ap_ctrl_hs |  dense_large | return value |
|ap_return_35    | out |    12| ap_ctrl_hs |  dense_large | return value |
|ap_return_36    | out |    12| ap_ctrl_hs |  dense_large | return value |
|ap_return_37    | out |    12| ap_ctrl_hs |  dense_large | return value |
|ap_return_38    | out |    12| ap_ctrl_hs |  dense_large | return value |
|ap_return_39    | out |    12| ap_ctrl_hs |  dense_large | return value |
|ap_return_40    | out |    12| ap_ctrl_hs |  dense_large | return value |
|ap_return_41    | out |    12| ap_ctrl_hs |  dense_large | return value |
|ap_return_42    | out |    12| ap_ctrl_hs |  dense_large | return value |
|ap_return_43    | out |    12| ap_ctrl_hs |  dense_large | return value |
|ap_return_44    | out |    12| ap_ctrl_hs |  dense_large | return value |
|ap_return_45    | out |    12| ap_ctrl_hs |  dense_large | return value |
|ap_return_46    | out |    12| ap_ctrl_hs |  dense_large | return value |
|ap_return_47    | out |    12| ap_ctrl_hs |  dense_large | return value |
|ap_return_48    | out |    12| ap_ctrl_hs |  dense_large | return value |
|ap_return_49    | out |    12| ap_ctrl_hs |  dense_large | return value |
|ap_return_50    | out |    12| ap_ctrl_hs |  dense_large | return value |
|ap_return_51    | out |    12| ap_ctrl_hs |  dense_large | return value |
|ap_return_52    | out |    12| ap_ctrl_hs |  dense_large | return value |
|ap_return_53    | out |    12| ap_ctrl_hs |  dense_large | return value |
|ap_return_54    | out |    12| ap_ctrl_hs |  dense_large | return value |
|ap_return_55    | out |    12| ap_ctrl_hs |  dense_large | return value |
|ap_return_56    | out |    12| ap_ctrl_hs |  dense_large | return value |
|ap_return_57    | out |    12| ap_ctrl_hs |  dense_large | return value |
|ap_return_58    | out |    12| ap_ctrl_hs |  dense_large | return value |
|ap_return_59    | out |    12| ap_ctrl_hs |  dense_large | return value |
|ap_return_60    | out |    12| ap_ctrl_hs |  dense_large | return value |
|ap_return_61    | out |    12| ap_ctrl_hs |  dense_large | return value |
|ap_return_62    | out |    12| ap_ctrl_hs |  dense_large | return value |
|ap_return_63    | out |    12| ap_ctrl_hs |  dense_large | return value |
|ap_return_64    | out |    12| ap_ctrl_hs |  dense_large | return value |
|ap_return_65    | out |    12| ap_ctrl_hs |  dense_large | return value |
|ap_return_66    | out |    12| ap_ctrl_hs |  dense_large | return value |
|ap_return_67    | out |    12| ap_ctrl_hs |  dense_large | return value |
|ap_return_68    | out |    12| ap_ctrl_hs |  dense_large | return value |
|ap_return_69    | out |    12| ap_ctrl_hs |  dense_large | return value |
|ap_return_70    | out |    12| ap_ctrl_hs |  dense_large | return value |
|ap_return_71    | out |    12| ap_ctrl_hs |  dense_large | return value |
|ap_return_72    | out |    12| ap_ctrl_hs |  dense_large | return value |
|ap_return_73    | out |    12| ap_ctrl_hs |  dense_large | return value |
|ap_return_74    | out |    12| ap_ctrl_hs |  dense_large | return value |
|ap_return_75    | out |    12| ap_ctrl_hs |  dense_large | return value |
|ap_return_76    | out |    12| ap_ctrl_hs |  dense_large | return value |
|ap_return_77    | out |    12| ap_ctrl_hs |  dense_large | return value |
|ap_return_78    | out |    12| ap_ctrl_hs |  dense_large | return value |
|ap_return_79    | out |    12| ap_ctrl_hs |  dense_large | return value |
|ap_return_80    | out |    12| ap_ctrl_hs |  dense_large | return value |
|ap_return_81    | out |    12| ap_ctrl_hs |  dense_large | return value |
|ap_return_82    | out |    12| ap_ctrl_hs |  dense_large | return value |
|ap_return_83    | out |    12| ap_ctrl_hs |  dense_large | return value |
|ap_return_84    | out |    12| ap_ctrl_hs |  dense_large | return value |
|ap_return_85    | out |    12| ap_ctrl_hs |  dense_large | return value |
|ap_return_86    | out |    12| ap_ctrl_hs |  dense_large | return value |
|ap_return_87    | out |    12| ap_ctrl_hs |  dense_large | return value |
|ap_return_88    | out |    12| ap_ctrl_hs |  dense_large | return value |
|ap_return_89    | out |    12| ap_ctrl_hs |  dense_large | return value |
|ap_return_90    | out |    12| ap_ctrl_hs |  dense_large | return value |
|ap_return_91    | out |    12| ap_ctrl_hs |  dense_large | return value |
|ap_return_92    | out |    12| ap_ctrl_hs |  dense_large | return value |
|ap_return_93    | out |    12| ap_ctrl_hs |  dense_large | return value |
|ap_return_94    | out |    12| ap_ctrl_hs |  dense_large | return value |
|ap_return_95    | out |    12| ap_ctrl_hs |  dense_large | return value |
|ap_return_96    | out |    12| ap_ctrl_hs |  dense_large | return value |
|ap_return_97    | out |    12| ap_ctrl_hs |  dense_large | return value |
|ap_return_98    | out |    12| ap_ctrl_hs |  dense_large | return value |
|ap_return_99    | out |    12| ap_ctrl_hs |  dense_large | return value |
|data_V_dout     |  in |  4704|   ap_fifo  |    data_V    |    pointer   |
|data_V_empty_n  |  in |     1|   ap_fifo  |    data_V    |    pointer   |
|data_V_read     | out |     1|   ap_fifo  |    data_V    |    pointer   |
+----------------+-----+------+------------+--------------+--------------+

